<?xml version="1.0" encoding="UTF-8"?>
<!-- Generated by org.testng.reporters.JUnitXMLReporter -->
<testsuite ignored="0" hostname="E0986883" failures="0" tests="19" name="Surefire test" time="27.465" errors="0" timestamp="2023-11-03T14:21:23 EET">
  <testcase classname="Ch1.First" name="P1_mayar" time="0.001"/>
  <testcase classname="Ch1.First" name="TestGetRequestToStartCourse" time="2.334"/>
  <testcase classname="Ch1.First" name="TestGetRequestToStartCourseAfterParametrizing" time="1.218"/>
  <testcase classname="Ch1.First" name="TestGetRequestToStartCourseAfterParametrizing" time="1.335"/>
  <testcase classname="Ch1.First" name="TestGetRequestToStartCourseAfterParametrizing" time="1.413"/>
  <testcase classname="Ch1.First" name="TestGetRequestToStartCourseAfterParametrizing2" time="1.494"/>
  <testcase classname="Ch1.First" name="TestGetRequestToStartCourseAfterParametrizing2" time="1.191"/>
  <testcase classname="Ch1.First" name="TestGetRequestToStartCourseAfterParametrizing2" time="1.834"/>
  <testcase classname="Ch1.First" name="TestGetRequestToStartCourseAfterParametrizing3" time="1.118"/>
  <testcase classname="Ch1.First" name="TestGetRequestToStartCourseAfterParametrizing3" time="1.185"/>
  <testcase classname="Ch1.First" name="TestGetRequestToStartCourseAfterParametrizing3" time="1.276"/>
  <testcase classname="Ch1.First" name="TestGetRequestToStartCourseAfterParametrizing4" time="1.478"/>
  <testcase classname="Ch1.First" name="TestGetRequestToStartCourseAfterParametrizing4" time="1.568"/>
  <testcase classname="Ch1.First" name="TestGetRequestToStartCourseAfterParametrizing4" time="1.338"/>
  <testcase classname="Ch1.First" name="TestGetRequestToStartCourseAfterParametrizingExtractPlace" time="1.913"/>
  <testcase classname="Ch1.First" name="TestGetRequestToStartCourseAfterParametrizingExtractPlace" time="1.615"/>
  <testcase classname="Ch1.First" name="TestGetRequestToStartCourseAfterParametrizingExtractPlace" time="1.161"/>
  <testcase classname="Ch1.First" name="TestGetRequestToStartCourseAfterPojo" time="1.365"/>
  <testcase classname="Ch1.First" name="createNewPet" time="2.383"/>
</testsuite> <!-- Surefire test -->
