<?xml version="1.0" encoding="UTF-8"?>
<testng-results ignored="0" total="2" passed="2" failed="0" skipped="0">
  <reporter-output>
  </reporter-output>
  <suite started-at="2023-11-03T19:04:20 EET" name="Parallel Test Suite" finished-at="2023-11-03T19:04:30 EET" duration-ms="10903">
    <groups>
    </groups>
    <test started-at="2023-11-03T19:04:20 EET" name="Test1" finished-at="2023-11-03T19:04:30 EET" duration-ms="10809">
      <class name="webSelenium.Suite1.Test1">
        <test-method is-config="true" signature="setup()[pri:0, instance:webSelenium.Suite1.Test1@d706f19]" started-at="2023-11-03T19:04:20 EET" name="setup" finished-at="2023-11-03T19:04:30 EET" duration-ms="10527" status="PASS">
          <reporter-output>
          </reporter-output>
        </test-method> <!-- setup -->
        <test-method signature="testSelenium4()[pri:0, instance:webSelenium.Suite1.Test1@d706f19]" started-at="2023-11-03T19:04:30 EET" name="testSelenium4" finished-at="2023-11-03T19:04:30 EET" duration-ms="0" status="PASS">
          <reporter-output>
          </reporter-output>
        </test-method> <!-- testSelenium4 -->
        <test-method is-config="true" signature="tearDown()[pri:0, instance:webSelenium.Suite1.Test1@d706f19]" started-at="2023-11-03T19:04:30 EET" name="tearDown" finished-at="2023-11-03T19:04:30 EET" duration-ms="277" status="PASS">
          <reporter-output>
          </reporter-output>
        </test-method> <!-- tearDown -->
      </class> <!-- webSelenium.Suite1.Test1 -->
    </test> <!-- Test1 -->
    <test started-at="2023-11-03T19:04:20 EET" name="Test2" finished-at="2023-11-03T19:04:30 EET" duration-ms="10903">
      <class name="webSelenium.Suite2.Test2">
        <test-method is-config="true" signature="setup()[pri:0, instance:webSelenium.Suite2.Test2@2b6faea6]" started-at="2023-11-03T19:04:20 EET" name="setup" finished-at="2023-11-03T19:04:30 EET" duration-ms="10501" status="PASS">
          <reporter-output>
          </reporter-output>
        </test-method> <!-- setup -->
        <test-method signature="testSelenium4()[pri:0, instance:webSelenium.Suite2.Test2@2b6faea6]" started-at="2023-11-03T19:04:30 EET" name="testSelenium4" finished-at="2023-11-03T19:04:30 EET" duration-ms="0" status="PASS">
          <reporter-output>
          </reporter-output>
        </test-method> <!-- testSelenium4 -->
        <test-method is-config="true" signature="tearDown()[pri:0, instance:webSelenium.Suite2.Test2@2b6faea6]" started-at="2023-11-03T19:04:30 EET" name="tearDown" finished-at="2023-11-03T19:04:30 EET" duration-ms="380" status="PASS">
          <reporter-output>
          </reporter-output>
        </test-method> <!-- tearDown -->
      </class> <!-- webSelenium.Suite2.Test2 -->
    </test> <!-- Test2 -->
  </suite> <!-- Parallel Test Suite -->
</testng-results>
