<?xml version="1.0" encoding="UTF-8"?>
<testsuite xmlns:xsi="http://www.w3.org/2001/XMLSchema-instance" xsi:noNamespaceSchemaLocation="https://maven.apache.org/surefire/maven-surefire-plugin/xsd/surefire-test-report-3.0.xsd" version="3.0" name="TestSuite" time="16.585" tests="21" errors="0" skipped="0" failures="0">
  <properties>
[...]
</properties>
  <testcase name="P1_mayar" classname="Ch1.First" time="0">
    <system-out><![CDATA[mayar
]]></system-out>
    <system-err><![CDATA[SLF4J: Failed to load class "org.slf4j.impl.StaticLoggerBinder".
SLF4J: Defaulting to no-operation (NOP) logger implementation
SLF4J: See http://www.slf4j.org/codes.html#StaticLoggerBinder for further details.
]]></system-err>
  </testcase>
  <testcase name="TestGetRequestToStartCourse" classname="Ch1.First" time="1.629">
    <system-out><![CDATA[HTTP/1.1 200 OK
Date: Fri, 03 Nov 2023 17:15:31 GMT
Content-Type: application/json
x-cache: hit
charset: UTF-8
CF-Cache-Status: DYNAMIC
Report-To: {"endpoints":[{"url":"https:\/\/a.nel.cloudflare.com\/report\/v3?s=6NBcXiQSlUu4b18%2BYixX7iy3%2BTlb2LhpM%2BAHRXUl7sWNSaq5xmGufCE9%2F%2FlB8PovJNKlaVjnv5QP5Pc9Tyd4r9p2yMhyTsI3z%2BaZJeIqv1u%2FhIIsTruHYwjQeHKsFDFjS6XJsQ%3D%3D"}],"group":"cf-nel","max_age":604800}
NEL: {"success_fraction":0,"report_to":"cf-nel","max_age":604800}
access-control-allow-origin: *
Server: cloudflare
CF-RAY: 8206427e4d610dc2-MRS
Content-Encoding: gzip
alt-svc: h3=":443"; ma=86400
Transfer-Encoding: chunked
Connection: keep-alive
Vary: Accept-Encoding

{
    "post code": "90210",
    "country": "United States",
    "country abbreviation": "US",
    "places": [
        {
            "place name": "Beverly Hills",
            "longitude": "-118.4065",
            "state": "California",
            "state abbreviation": "CA",
            "latitude": "34.0901"
        }
    ]
}
]]></system-out>
  </testcase>
  <testcase name="TestGetRequestToStartCourseAfterParametrizing[us, 90210, Beverly Hills](1)" classname="Ch1.First" time="1.489">
    <system-out><![CDATA[HTTP/1.1 200 OK
Date: Fri, 03 Nov 2023 17:15:33 GMT
Content-Type: application/json
x-cache: hit
charset: UTF-8
CF-Cache-Status: DYNAMIC
Report-To: {"endpoints":[{"url":"https:\/\/a.nel.cloudflare.com\/report\/v3?s=TN1yL1Ngah55TYHaQlV3b3BpReVT%2BNPJk1qq5y1eKsAvjqmihHH4JLpx1vdk7r5VZKg5h2zKu4Fv4ZNSiKNGL8dQ1MNIRA6GJkQN40n4uVex4%2FrBWiQ41Z2PmhvR5kE%2FYNBrww%3D%3D"}],"group":"cf-nel","max_age":604800}
NEL: {"success_fraction":0,"report_to":"cf-nel","max_age":604800}
access-control-allow-origin: *
Server: cloudflare
CF-RAY: 82064284b8466f77-ATH
Content-Encoding: gzip
alt-svc: h3=":443"; ma=86400
Transfer-Encoding: chunked
Connection: keep-alive
Vary: Accept-Encoding

{
    "post code": "90210",
    "country": "United States",
    "country abbreviation": "US",
    "places": [
        {
            "place name": "Beverly Hills",
            "longitude": "-118.4065",
            "state": "California",
            "state abbreviation": "CA",
            "latitude": "34.0901"
        }
    ]
}
]]></system-out>
  </testcase>
  <testcase name="TestGetRequestToStartCourseAfterParametrizing[us, 12345, Schenectady](2)" classname="Ch1.First" time="0.373">
    <system-out><![CDATA[HTTP/1.1 200 OK
Date: Fri, 03 Nov 2023 17:15:33 GMT
Content-Type: application/json
x-cache: hit
charset: UTF-8
CF-Cache-Status: DYNAMIC
Report-To: {"endpoints":[{"url":"https:\/\/a.nel.cloudflare.com\/report\/v3?s=dqJ2yaeYK7rWy0FkfjRbMZGFRJ9RmjZRp9uWZuC1oP4kCUl20ABmBqYN4lZV%2BEild9v4xToMzsqL5cCjVcy8oxnUefPjtH9ROqCWNKy4dGoUowoXBbTr9DPyfGcODdwFRvimxA%3D%3D"}],"group":"cf-nel","max_age":604800}
NEL: {"success_fraction":0,"report_to":"cf-nel","max_age":604800}
access-control-allow-origin: *
Server: cloudflare
CF-RAY: 8206428dbab1d33b-CDG
Content-Encoding: gzip
alt-svc: h3=":443"; ma=86400
Transfer-Encoding: chunked
Connection: keep-alive
Vary: Accept-Encoding

{
    "post code": "12345",
    "country": "United States",
    "country abbreviation": "US",
    "places": [
        {
            "place name": "Schenectady",
            "longitude": "-74.058",
            "state": "New York",
            "state abbreviation": "NY",
            "latitude": "42.8333"
        }
    ]
}
]]></system-out>
  </testcase>
  <testcase name="TestGetRequestToStartCourseAfterParametrizing[ca, B2R, Waverley](3)" classname="Ch1.First" time="0.566">
    <system-out><![CDATA[HTTP/1.1 200 OK
Date: Fri, 03 Nov 2023 17:15:34 GMT
Content-Type: application/json
x-cache: hit
charset: UTF-8
CF-Cache-Status: DYNAMIC
Report-To: {"endpoints":[{"url":"https:\/\/a.nel.cloudflare.com\/report\/v3?s=gISrvRtkg4SsjSkPq6Vv9YwFvxLnK2N0BuXh8TthLzyDrvE3G2VtN%2FQCZVa%2B759c%2FQ76cfoJqd4CUxR1xCketWmB6Lb9B5F1KqinGqPfnW6RAZvpf7LRRfe6UVd%2B2dnALA1Hpg%3D%3D"}],"group":"cf-nel","max_age":604800}
NEL: {"success_fraction":0,"report_to":"cf-nel","max_age":604800}
access-control-allow-origin: *
Server: cloudflare
CF-RAY: 8206429089410c50-MRS
Content-Encoding: gzip
alt-svc: h3=":443"; ma=86400
Transfer-Encoding: chunked
Connection: keep-alive
Vary: Accept-Encoding

{
    "post code": "B2R",
    "country": "Canada",
    "country abbreviation": "CA",
    "places": [
        {
            "place name": "Waverley",
            "longitude": "-63.5144",
            "state": "Nova Scotia",
            "state abbreviation": "NS",
            "latitude": "44.7431"
        }
    ]
}
]]></system-out>
  </testcase>
  <testcase name="TestGetRequestToStartCourseAfterParametrizing2[us, 90210, Beverly Hills](1)" classname="Ch1.First" time="0.525">
    <system-out><![CDATA[HTTP/1.1 200 OK
Date: Fri, 03 Nov 2023 17:15:34 GMT
Content-Type: application/json
x-cache: hit
charset: UTF-8
CF-Cache-Status: DYNAMIC
Report-To: {"endpoints":[{"url":"https:\/\/a.nel.cloudflare.com\/report\/v3?s=p91oFG30McRELqKWLqAk3MuyCScXZD464ByYT95O2a%2F2cq5%2Bo9Iiga0QDzV3tDaDFFNQweYjLBpjqz6vI8ClQFjfLTF2%2B3nsZfp3MHit9BKIIH%2Fkm0Yu1bU4rRXuSMHIo23zkQ%3D%3D"}],"group":"cf-nel","max_age":604800}
NEL: {"success_fraction":0,"report_to":"cf-nel","max_age":604800}
access-control-allow-origin: *
Server: cloudflare
CF-RAY: 820642939da2eec8-ATH
Content-Encoding: gzip
alt-svc: h3=":443"; ma=86400
Transfer-Encoding: chunked
Connection: keep-alive
Vary: Accept-Encoding

{
    "post code": "90210",
    "country": "United States",
    "country abbreviation": "US",
    "places": [
        {
            "place name": "Beverly Hills",
            "longitude": "-118.4065",
            "state": "California",
            "state abbreviation": "CA",
            "latitude": "34.0901"
        }
    ]
}
]]></system-out>
  </testcase>
  <testcase name="TestGetRequestToStartCourseAfterParametrizing2[us, 12345, Schenectady](2)" classname="Ch1.First" time="0.396">
    <system-out><![CDATA[HTTP/1.1 200 OK
Date: Fri, 03 Nov 2023 17:15:35 GMT
Content-Type: application/json
x-cache: hit
charset: UTF-8
CF-Cache-Status: DYNAMIC
Report-To: {"endpoints":[{"url":"https:\/\/a.nel.cloudflare.com\/report\/v3?s=aKe7qkowgkqY2C9%2FuoxU9kOjz5Td225wCAv%2FL1hIRwxtI%2FpNThYpXYDXL1MP2nSYYpApGG%2F%2BUv37IAaMMx4JvcYaNuKbBzyf4L1ZmUQGKR6IDiSHjemIkepwckoNgUHHwXbrAA%3D%3D"}],"group":"cf-nel","max_age":604800}
NEL: {"success_fraction":0,"report_to":"cf-nel","max_age":604800}
access-control-allow-origin: *
Server: cloudflare
CF-RAY: 82064296d914fd76-ATH
Content-Encoding: gzip
alt-svc: h3=":443"; ma=86400
Transfer-Encoding: chunked
Connection: keep-alive
Vary: Accept-Encoding

{
    "post code": "12345",
    "country": "United States",
    "country abbreviation": "US",
    "places": [
        {
            "place name": "Schenectady",
            "longitude": "-74.058",
            "state": "New York",
            "state abbreviation": "NY",
            "latitude": "42.8333"
        }
    ]
}
]]></system-out>
  </testcase>
  <testcase name="TestGetRequestToStartCourseAfterParametrizing2[ca, B2R, Waverley](3)" classname="Ch1.First" time="0.589">
    <system-out><![CDATA[HTTP/1.1 200 OK
Date: Fri, 03 Nov 2023 17:15:35 GMT
Content-Type: application/json
x-cache: hit
charset: UTF-8
CF-Cache-Status: DYNAMIC
Report-To: {"endpoints":[{"url":"https:\/\/a.nel.cloudflare.com\/report\/v3?s=UgOKqUOqttBHOH5tQaefzkOzfDwGuTZFbRAYr8CFxKAtyzMVjdzD5Tnzzr89HSpoVG%2FR0x6JZbRX1E7ia1wofkMmdiURxIfatXvyDb4zmh9OyamQw1Xry7736ysBRJHbUaEZ2Q%3D%3D"}],"group":"cf-nel","max_age":604800}
NEL: {"success_fraction":0,"report_to":"cf-nel","max_age":604800}
access-control-allow-origin: *
Server: cloudflare
CF-RAY: 820642994c07eea0-ATH
Content-Encoding: gzip
alt-svc: h3=":443"; ma=86400
Transfer-Encoding: chunked
Connection: keep-alive
Vary: Accept-Encoding

{
    "post code": "B2R",
    "country": "Canada",
    "country abbreviation": "CA",
    "places": [
        {
            "place name": "Waverley",
            "longitude": "-63.5144",
            "state": "Nova Scotia",
            "state abbreviation": "NS",
            "latitude": "44.7431"
        }
    ]
}
]]></system-out>
  </testcase>
  <testcase name="TestGetRequestToStartCourseAfterParametrizing3[us, 90210, Beverly Hills](1)" classname="Ch1.First" time="0.736">
    <system-out><![CDATA[HTTP/1.1 200 OK
Date: Fri, 03 Nov 2023 17:15:36 GMT
Content-Type: application/json
x-cache: hit
charset: UTF-8
CF-Cache-Status: DYNAMIC
Report-To: {"endpoints":[{"url":"https:\/\/a.nel.cloudflare.com\/report\/v3?s=onZh2yaV%2F5Po5wLG9bmQT%2BIMFduZEWD4bMxufxyKFom233IGCe0KyILZN0FE1hFuWJ%2Baz1ghBPVt1LJH3KV4AKcytWJ%2BbTssg1m%2FqmF1Jbxwu1yATq3mUt7yABalXP86Ii0%2FCA%3D%3D"}],"group":"cf-nel","max_age":604800}
NEL: {"success_fraction":0,"report_to":"cf-nel","max_age":604800}
access-control-allow-origin: *
Server: cloudflare
CF-RAY: 8206429ddbbc0ff2-MRS
Content-Encoding: gzip
alt-svc: h3=":443"; ma=86400
Transfer-Encoding: chunked
Connection: keep-alive
Vary: Accept-Encoding

{
    "post code": "90210",
    "country": "United States",
    "country abbreviation": "US",
    "places": [
        {
            "place name": "Beverly Hills",
            "longitude": "-118.4065",
            "state": "California",
            "state abbreviation": "CA",
            "latitude": "34.0901"
        }
    ]
}
]]></system-out>
    <system-err><![CDATA[Nov 03, 2023 7:15:36 PM org.openqa.selenium.devtools.CdpVersionFinder findNearestMatch
WARNING: Unable to find an exact match for CDP version 118, so returning the closest version found: 117
]]></system-err>
  </testcase>
  <testcase name="TestGetRequestToStartCourseAfterParametrizing3[us, 12345, Schenectady](2)" classname="Ch1.First" time="0.507">
    <system-out><![CDATA[HTTP/1.1 200 OK
Date: Fri, 03 Nov 2023 17:15:36 GMT
Content-Type: application/json
x-cache: hit
charset: UTF-8
CF-Cache-Status: DYNAMIC
Report-To: {"endpoints":[{"url":"https:\/\/a.nel.cloudflare.com\/report\/v3?s=RJQX9axqmTzgupx2tUiwjNB3DAphalsVrbgjk1XITJOF4RW2tbBmd0fSlgzir15AaEWYgunpFbR%2Bxo82ifhH1PeO7W%2Be9aeLah1WFHOjYSDw8%2BT3CYjsLVbwUqhgsq2lxRBLMA%3D%3D"}],"group":"cf-nel","max_age":604800}
NEL: {"success_fraction":0,"report_to":"cf-nel","max_age":604800}
access-control-allow-origin: *
Server: cloudflare
CF-RAY: 820642a20cac11c0-MRS
Content-Encoding: gzip
alt-svc: h3=":443"; ma=86400
Transfer-Encoding: chunked
Connection: keep-alive
Vary: Accept-Encoding

{
    "post code": "12345",
    "country": "United States",
    "country abbreviation": "US",
    "places": [
        {
            "place name": "Schenectady",
            "longitude": "-74.058",
            "state": "New York",
            "state abbreviation": "NY",
            "latitude": "42.8333"
        }
    ]
}
]]></system-out>
  </testcase>
  <testcase name="TestGetRequestToStartCourseAfterParametrizing3[ca, B2R, Waverley](3)" classname="Ch1.First" time="0.756">
    <system-out><![CDATA[HTTP/1.1 200 OK
Date: Fri, 03 Nov 2023 17:15:37 GMT
Content-Type: application/json
x-cache: hit
charset: UTF-8
CF-Cache-Status: DYNAMIC
Report-To: {"endpoints":[{"url":"https:\/\/a.nel.cloudflare.com\/report\/v3?s=9PzT5jzmG%2FKrfF%2BPz1yySFJdKvUMoAkMco8EJftLwNCsK8nUwE0VKf7plt0Lo%2BNPR25Mvps3aK0U1oXTyevJLs7y4GcNmGFbgV66eVYS%2FThb2vcUnNsWmmqdfsFfVgcKW5ibwQ%3D%3D"}],"group":"cf-nel","max_age":604800}
NEL: {"success_fraction":0,"report_to":"cf-nel","max_age":604800}
access-control-allow-origin: *
Server: cloudflare
CF-RAY: 820642a65d9f73c7-MRS
Content-Encoding: gzip
alt-svc: h3=":443"; ma=86400
Transfer-Encoding: chunked
Connection: keep-alive
Vary: Accept-Encoding

{
    "post code": "B2R",
    "country": "Canada",
    "country abbreviation": "CA",
    "places": [
        {
            "place name": "Waverley",
            "longitude": "-63.5144",
            "state": "Nova Scotia",
            "state abbreviation": "NS",
            "latitude": "44.7431"
        }
    ]
}
]]></system-out>
    <system-err><![CDATA[Nov 03, 2023 7:15:37 PM org.openqa.selenium.devtools.CdpVersionFinder findNearestMatch
WARNING: Unable to find an exact match for CDP version 118, so returning the closest version found: 117
]]></system-err>
  </testcase>
  <testcase name="TestGetRequestToStartCourseAfterParametrizing4[us, 90210, Beverly Hills](1)" classname="Ch1.First" time="0.647"/>
  <testcase name="TestGetRequestToStartCourseAfterParametrizing4[us, 12345, Schenectady](2)" classname="Ch1.First" time="0.862"/>
  <testcase name="TestGetRequestToStartCourseAfterParametrizing4[ca, B2R, Waverley](3)" classname="Ch1.First" time="1.809"/>
  <testcase name="TestGetRequestToStartCourseAfterParametrizingExtractPlace[us, 90210, Beverly Hills](1)" classname="Ch1.First" time="0.26">
    <system-out><![CDATA[HTTP/1.1 200 OK
Date: Fri, 03 Nov 2023 17:15:41 GMT
Content-Type: application/json
x-cache: hit
charset: UTF-8
CF-Cache-Status: DYNAMIC
Report-To: {"endpoints":[{"url":"https:\/\/a.nel.cloudflare.com\/report\/v3?s=bCoP5xeEF8JqpeNx4jPH%2BKYIOlvW4GvNCb9m6KZe86Wkw4BkuLdwIo8nlsW2hwhw3U1iGL6LGCmkoQERKECZyzVPswAP0JuRXFdNXpOjRnBTCTIjtHd5kI%2FiPG4gK1aNXnSRIw%3D%3D"}],"group":"cf-nel","max_age":604800}
NEL: {"success_fraction":0,"report_to":"cf-nel","max_age":604800}
access-control-allow-origin: *
Server: cloudflare
CF-RAY: 820642bf6b7911a1-MRS
Content-Encoding: gzip
alt-svc: h3=":443"; ma=86400
Transfer-Encoding: chunked
Connection: keep-alive
Vary: Accept-Encoding

{
    "post code": "90210",
    "country": "United States",
    "country abbreviation": "US",
    "places": [
        {
            "place name": "Beverly Hills",
            "longitude": "-118.4065",
            "state": "California",
            "state abbreviation": "CA",
            "latitude": "34.0901"
        }
    ]
}
here is the place ===========> Beverly Hills
]]></system-out>
    <system-err><![CDATA[Nov 03, 2023 7:15:41 PM org.openqa.selenium.remote.http.WebSocket$Listener onError
WARNING: Connection reset
java.net.SocketException: Connection reset
	at java.base/sun.nio.ch.SocketChannelImpl.throwConnectionReset(SocketChannelImpl.java:394)
	at java.base/sun.nio.ch.SocketChannelImpl.read(SocketChannelImpl.java:426)
	at io.netty.buffer.PooledByteBuf.setBytes(PooledByteBuf.java:254)
	at io.netty.buffer.AbstractByteBuf.writeBytes(AbstractByteBuf.java:1132)
	at io.netty.channel.socket.nio.NioSocketChannel.doReadBytes(NioSocketChannel.java:357)
	at io.netty.channel.nio.AbstractNioByteChannel$NioByteUnsafe.read(AbstractNioByteChannel.java:151)
	at io.netty.channel.nio.NioEventLoop.processSelectedKey(NioEventLoop.java:788)
	at io.netty.channel.nio.NioEventLoop.processSelectedKeysOptimized(NioEventLoop.java:724)
	at io.netty.channel.nio.NioEventLoop.processSelectedKeys(NioEventLoop.java:650)
	at io.netty.channel.nio.NioEventLoop.run(NioEventLoop.java:562)
	at io.netty.util.concurrent.SingleThreadEventExecutor$4.run(SingleThreadEventExecutor.java:997)
	at io.netty.util.internal.ThreadExecutorMap$2.run(ThreadExecutorMap.java:74)
	at io.netty.util.concurrent.FastThreadLocalRunnable.run(FastThreadLocalRunnable.java:30)
	at java.base/java.lang.Thread.run(Thread.java:833)

]]></system-err>
  </testcase>
  <testcase name="TestGetRequestToStartCourseAfterParametrizingExtractPlace[us, 12345, Schenectady](2)" classname="Ch1.First" time="0.201">
    <system-out><![CDATA[HTTP/1.1 200 OK
Date: Fri, 03 Nov 2023 17:15:42 GMT
Content-Type: application/json
x-cache: hit
charset: UTF-8
CF-Cache-Status: DYNAMIC
Report-To: {"endpoints":[{"url":"https:\/\/a.nel.cloudflare.com\/report\/v3?s=h5Wj8BryZyjceZhT2diwFJ2wLfckReLXjuHw1Kxu8fSxPUK1g%2FbUPuSIxfVgrd%2Bm3YeLsfpMxzo6lApKpCpd98kurAchge%2FzJ6E4cY6O%2BxMEuanvmJp98Z%2BTIZQu3nj7XfUwpg%3D%3D"}],"group":"cf-nel","max_age":604800}
NEL: {"success_fraction":0,"report_to":"cf-nel","max_age":604800}
access-control-allow-origin: *
Server: cloudflare
CF-RAY: 820642c409ab0fe6-MRS
Content-Encoding: gzip
alt-svc: h3=":443"; ma=86400
Transfer-Encoding: chunked
Connection: keep-alive
Vary: Accept-Encoding

{
    "post code": "12345",
    "country": "United States",
    "country abbreviation": "US",
    "places": [
        {
            "place name": "Schenectady",
            "longitude": "-74.058",
            "state": "New York",
            "state abbreviation": "NY",
            "latitude": "42.8333"
        }
    ]
}
here is the place ===========> Schenectady
]]></system-out>
  </testcase>
  <testcase name="TestGetRequestToStartCourseAfterParametrizingExtractPlace[ca, B2R, Waverley](3)" classname="Ch1.First" time="0.765">
    <system-out><![CDATA[HTTP/1.1 200 OK
Date: Fri, 03 Nov 2023 17:15:43 GMT
Content-Type: application/json
x-cache: hit
charset: UTF-8
CF-Cache-Status: DYNAMIC
Report-To: {"endpoints":[{"url":"https:\/\/a.nel.cloudflare.com\/report\/v3?s=AZrbwoZ3woz4CAsD4LvwYwNblEWxKsp2MXgc45GwOwXKgAwu%2F0Ji5hkcezt1OdpUQxo3O%2FWMPV9Z987%2BZgmoMkw16uQ9gy%2BFVE4EbpzAMpnQ6jV%2Fat%2FgQz%2FeLsDtV7opBfiVCw%3D%3D"}],"group":"cf-nel","max_age":604800}
NEL: {"success_fraction":0,"report_to":"cf-nel","max_age":604800}
access-control-allow-origin: *
Server: cloudflare
CF-RAY: 820642c8fc8d6f6d-ATH
Content-Encoding: gzip
alt-svc: h3=":443"; ma=86400
Transfer-Encoding: chunked
Connection: keep-alive
Vary: Accept-Encoding

{
    "post code": "B2R",
    "country": "Canada",
    "country abbreviation": "CA",
    "places": [
        {
            "place name": "Waverley",
            "longitude": "-63.5144",
            "state": "Nova Scotia",
            "state abbreviation": "NS",
            "latitude": "44.7431"
        }
    ]
}
here is the place ===========> Waverley
]]></system-out>
  </testcase>
  <testcase name="TestGetRequestToStartCourseAfterPojo" classname="Ch1.First" time="0.9"/>
  <testcase name="createNewPet" classname="Ch1.First" time="1.997">
    <system-out><![CDATA[Body:
{
    "id": 0,
    "category": {
        "id": 0,
        "name": "string"
    },
    "name": "doggie",
    "photoUrls": [
        "testt"
    ],
    "tags": [
        {
            "id": 0,
            "name": "string"
        }
    ],
    "status": "available"
}
]]></system-out>
  </testcase>
  <testcase name="testSelenium4" classname="webSelenium.Suite2.Test2" time="0.001">
    <system-out><![CDATA[abdo
]]></system-out>
  </testcase>
  <testcase name="testSelenium4" classname="webSelenium.Suite1.Test1" time="0">
    <system-out><![CDATA[karim
]]></system-out>
  </testcase>
</testsuite>