<?xml version="1.0" encoding="UTF-8"?>
<!-- Generated by org.testng.reporters.JUnitXMLReporter -->
<testsuite ignored="0" hostname="E0986883" failures="0" tests="19" name="Test3" time="16.253" errors="0" timestamp="2023-11-03T19:15:45 EET">
  <testcase classname="Ch1.First" name="P1_mayar" time="0.001"/>
  <testcase classname="Ch1.First" name="TestGetRequestToStartCourse" time="1.629"/>
  <testcase classname="Ch1.First" name="TestGetRequestToStartCourseAfterParametrizing" time="1.488"/>
  <testcase classname="Ch1.First" name="TestGetRequestToStartCourseAfterParametrizing" time="0.368"/>
  <testcase classname="Ch1.First" name="TestGetRequestToStartCourseAfterParametrizing" time="0.571"/>
  <testcase classname="Ch1.First" name="TestGetRequestToStartCourseAfterParametrizing2" time="0.523"/>
  <testcase classname="Ch1.First" name="TestGetRequestToStartCourseAfterParametrizing2" time="0.396"/>
  <testcase classname="Ch1.First" name="TestGetRequestToStartCourseAfterParametrizing2" time="0.589"/>
  <testcase classname="Ch1.First" name="TestGetRequestToStartCourseAfterParametrizing3" time="0.735"/>
  <testcase classname="Ch1.First" name="TestGetRequestToStartCourseAfterParametrizing3" time="0.507"/>
  <testcase classname="Ch1.First" name="TestGetRequestToStartCourseAfterParametrizing3" time="0.756"/>
  <testcase classname="Ch1.First" name="TestGetRequestToStartCourseAfterParametrizing4" time="0.647"/>
  <testcase classname="Ch1.First" name="TestGetRequestToStartCourseAfterParametrizing4" time="0.863"/>
  <testcase classname="Ch1.First" name="TestGetRequestToStartCourseAfterParametrizing4" time="1.81"/>
  <testcase classname="Ch1.First" name="TestGetRequestToStartCourseAfterParametrizingExtractPlace" time="0.732"/>
  <testcase classname="Ch1.First" name="TestGetRequestToStartCourseAfterParametrizingExtractPlace" time="0.649"/>
  <testcase classname="Ch1.First" name="TestGetRequestToStartCourseAfterParametrizingExtractPlace" time="0.765"/>
  <testcase classname="Ch1.First" name="TestGetRequestToStartCourseAfterPojo" time="0.901"/>
  <testcase classname="Ch1.First" name="createNewPet" time="1.995"/>
</testsuite> <!-- Test3 -->
